The system is: Linux - 3.16.0-53-lowlatency - x86_64
Compiling the C compiler identification source file "CMakeCCompilerId.c" succeeded.
Compiler: /usr/bin/cc 
Build flags: 
Id flags: 

The output was:
0


Compilation of the C compiler identification source "CMakeCCompilerId.c" produced "a.out"

The C compiler identification is GNU, found in "/home/cotrik/svn/hexmesh_2/src/CMakeFiles/3.2.2/CompilerIdC/a.out"

Compiling the CXX compiler identification source file "CMakeCXXCompilerId.cpp" succeeded.
Compiler: /usr/bin/c++ 
Build flags: 
Id flags: 

The output was:
0


Compilation of the CXX compiler identification source "CMakeCXXCompilerId.cpp" produced "a.out"

The CXX compiler identification is GNU, found in "/home/cotrik/svn/hexmesh_2/src/CMakeFiles/3.2.2/CompilerIdCXX/a.out"

Determining if the C compiler works passed with the following output:
Change Dir: /home/cotrik/svn/hexmesh_2/src/CMakeFiles/CMakeTmp

Run Build Command:"/usr/bin/make" "cmTryCompileExec3768468412/fast"
/usr/bin/make -f CMakeFiles/cmTryCompileExec3768468412.dir/build.make CMakeFiles/cmTryCompileExec3768468412.dir/build
make[1]: Entering directory `/home/cotrik/svn/hexmesh_2/src/CMakeFiles/CMakeTmp'
/usr/local/bin/cmake -E cmake_progress_report /home/cotrik/svn/hexmesh_2/src/CMakeFiles/CMakeTmp/CMakeFiles 1
Building C object CMakeFiles/cmTryCompileExec3768468412.dir/testCCompiler.c.o
/usr/bin/cc    -o CMakeFiles/cmTryCompileExec3768468412.dir/testCCompiler.c.o   -c /home/cotrik/svn/hexmesh_2/src/CMakeFiles/CMakeTmp/testCCompiler.c
Linking C executable cmTryCompileExec3768468412
/usr/local/bin/cmake -E cmake_link_script CMakeFiles/cmTryCompileExec3768468412.dir/link.txt --verbose=1
/usr/bin/cc       CMakeFiles/cmTryCompileExec3768468412.dir/testCCompiler.c.o  -o cmTryCompileExec3768468412 -rdynamic 
make[1]: Leaving directory `/home/cotrik/svn/hexmesh_2/src/CMakeFiles/CMakeTmp'


Detecting C compiler ABI info compiled with the following output:
Change Dir: /home/cotrik/svn/hexmesh_2/src/CMakeFiles/CMakeTmp

Run Build Command:"/usr/bin/make" "cmTryCompileExec1101284509/fast"
/usr/bin/make -f CMakeFiles/cmTryCompileExec1101284509.dir/build.make CMakeFiles/cmTryCompileExec1101284509.dir/build
make[1]: Entering directory `/home/cotrik/svn/hexmesh_2/src/CMakeFiles/CMakeTmp'
/usr/local/bin/cmake -E cmake_progress_report /home/cotrik/svn/hexmesh_2/src/CMakeFiles/CMakeTmp/CMakeFiles 1
Building C object CMakeFiles/cmTryCompileExec1101284509.dir/CMakeCCompilerABI.c.o
/usr/bin/cc    -o CMakeFiles/cmTryCompileExec1101284509.dir/CMakeCCompilerABI.c.o   -c /usr/local/share/cmake-3.2/Modules/CMakeCCompilerABI.c
Linking C executable cmTryCompileExec1101284509
/usr/local/bin/cmake -E cmake_link_script CMakeFiles/cmTryCompileExec1101284509.dir/link.txt --verbose=1
/usr/bin/cc      -v CMakeFiles/cmTryCompileExec1101284509.dir/CMakeCCompilerABI.c.o  -o cmTryCompileExec1101284509 -rdynamic  
Using built-in specs.
COLLECT_GCC=/usr/bin/cc
COLLECT_LTO_WRAPPER=/usr/lib/gcc/x86_64-linux-gnu/4.9/lto-wrapper
Target: x86_64-linux-gnu
Configured with: ../src/configure -v --with-pkgversion='Ubuntu 4.9.3-5ubuntu1~14.04' --with-bugurl=file:///usr/share/doc/gcc-4.9/README.Bugs --enable-languages=c,c++,java,go,d,fortran,objc,obj-c++ --prefix=/usr --program-suffix=-4.9 --enable-shared --enable-linker-build-id --libexecdir=/usr/lib --without-included-gettext --enable-threads=posix --with-gxx-include-dir=/usr/include/c++/4.9 --libdir=/usr/lib --enable-nls --with-sysroot=/ --enable-clocale=gnu --enable-libstdcxx-debug --enable-libstdcxx-time=yes --enable-gnu-unique-object --disable-vtable-verify --enable-plugin --with-system-zlib --disable-browser-plugin --enable-java-awt=gtk --enable-gtk-cairo --with-java-home=/usr/lib/jvm/java-1.5.0-gcj-4.9-amd64/jre --enable-java-home --with-jvm-root-dir=/usr/lib/jvm/java-1.5.0-gcj-4.9-amd64 --with-jvm-jar-dir=/usr/lib/jvm-exports/java-1.5.0-gcj-4.9-amd64 --with-arch-directory=amd64 --with-ecj-jar=/usr/share/java/eclipse-ecj.jar --enable-objc-gc --enable-multiarch --disable-werror --with-arch-32=i686 --with-abi=m64 --with-multilib-list=m32,m64,mx32 --enable-multilib --with-tune=generic --enable-checking=release --build=x86_64-linux-gnu --host=x86_64-linux-gnu --target=x86_64-linux-gnu
Thread model: posix
gcc version 4.9.3 (Ubuntu 4.9.3-5ubuntu1~14.04) 
COMPILER_PATH=/usr/lib/gcc/x86_64-linux-gnu/4.9/:/usr/lib/gcc/x86_64-linux-gnu/4.9/:/usr/lib/gcc/x86_64-linux-gnu/:/usr/lib/gcc/x86_64-linux-gnu/4.9/:/usr/lib/gcc/x86_64-linux-gnu/
LIBRARY_PATH=/usr/lib/gcc/x86_64-linux-gnu/4.9/:/usr/lib/gcc/x86_64-linux-gnu/4.9/../../../x86_64-linux-gnu/:/usr/lib/gcc/x86_64-linux-gnu/4.9/../../../../lib/:/lib/x86_64-linux-gnu/:/lib/../lib/:/usr/lib/x86_64-linux-gnu/:/usr/lib/../lib/:/usr/lib/gcc/x86_64-linux-gnu/4.9/../../../:/lib/:/usr/lib/
COLLECT_GCC_OPTIONS='-v' '-o' 'cmTryCompileExec1101284509' '-rdynamic' '-mtune=generic' '-march=x86-64'
 /usr/lib/gcc/x86_64-linux-gnu/4.9/collect2 -plugin /usr/lib/gcc/x86_64-linux-gnu/4.9/liblto_plugin.so -plugin-opt=/usr/lib/gcc/x86_64-linux-gnu/4.9/lto-wrapper -plugin-opt=-fresolution=/tmp/ccAc59Vy.res -plugin-opt=-pass-through=-lgcc -plugin-opt=-pass-through=-lgcc_s -plugin-opt=-pass-through=-lc -plugin-opt=-pass-through=-lgcc -plugin-opt=-pass-through=-lgcc_s --sysroot=/ --build-id --eh-frame-hdr -m elf_x86_64 --hash-style=gnu --as-needed -export-dynamic -dynamic-linker /lib64/ld-linux-x86-64.so.2 -z relro -o cmTryCompileExec1101284509 /usr/lib/gcc/x86_64-linux-gnu/4.9/../../../x86_64-linux-gnu/crt1.o /usr/lib/gcc/x86_64-linux-gnu/4.9/../../../x86_64-linux-gnu/crti.o /usr/lib/gcc/x86_64-linux-gnu/4.9/crtbegin.o -L/usr/lib/gcc/x86_64-linux-gnu/4.9 -L/usr/lib/gcc/x86_64-linux-gnu/4.9/../../../x86_64-linux-gnu -L/usr/lib/gcc/x86_64-linux-gnu/4.9/../../../../lib -L/lib/x86_64-linux-gnu -L/lib/../lib -L/usr/lib/x86_64-linux-gnu -L/usr/lib/../lib -L/usr/lib/gcc/x86_64-linux-gnu/4.9/../../.. CMakeFiles/cmTryCompileExec1101284509.dir/CMakeCCompilerABI.c.o -lgcc --as-needed -lgcc_s --no-as-needed -lc -lgcc --as-needed -lgcc_s --no-as-needed /usr/lib/gcc/x86_64-linux-gnu/4.9/crtend.o /usr/lib/gcc/x86_64-linux-gnu/4.9/../../../x86_64-linux-gnu/crtn.o
make[1]: Leaving directory `/home/cotrik/svn/hexmesh_2/src/CMakeFiles/CMakeTmp'


Parsed C implicit link information from above output:
  link line regex: [^( *|.*[/\])(ld|([^/\]+-)?ld|collect2)[^/\]*( |$)]
  ignore line: [Change Dir: /home/cotrik/svn/hexmesh_2/src/CMakeFiles/CMakeTmp]
  ignore line: []
  ignore line: [Run Build Command:"/usr/bin/make" "cmTryCompileExec1101284509/fast"]
  ignore line: [/usr/bin/make -f CMakeFiles/cmTryCompileExec1101284509.dir/build.make CMakeFiles/cmTryCompileExec1101284509.dir/build]
  ignore line: [make[1]: Entering directory `/home/cotrik/svn/hexmesh_2/src/CMakeFiles/CMakeTmp']
  ignore line: [/usr/local/bin/cmake -E cmake_progress_report /home/cotrik/svn/hexmesh_2/src/CMakeFiles/CMakeTmp/CMakeFiles 1]
  ignore line: [Building C object CMakeFiles/cmTryCompileExec1101284509.dir/CMakeCCompilerABI.c.o]
  ignore line: [/usr/bin/cc    -o CMakeFiles/cmTryCompileExec1101284509.dir/CMakeCCompilerABI.c.o   -c /usr/local/share/cmake-3.2/Modules/CMakeCCompilerABI.c]
  ignore line: [Linking C executable cmTryCompileExec1101284509]
  ignore line: [/usr/local/bin/cmake -E cmake_link_script CMakeFiles/cmTryCompileExec1101284509.dir/link.txt --verbose=1]
  ignore line: [/usr/bin/cc      -v CMakeFiles/cmTryCompileExec1101284509.dir/CMakeCCompilerABI.c.o  -o cmTryCompileExec1101284509 -rdynamic  ]
  ignore line: [Using built-in specs.]
  ignore line: [COLLECT_GCC=/usr/bin/cc]
  ignore line: [COLLECT_LTO_WRAPPER=/usr/lib/gcc/x86_64-linux-gnu/4.9/lto-wrapper]
  ignore line: [Target: x86_64-linux-gnu]
  ignore line: [Configured with: ../src/configure -v --with-pkgversion='Ubuntu 4.9.3-5ubuntu1~14.04' --with-bugurl=file:///usr/share/doc/gcc-4.9/README.Bugs --enable-languages=c,c++,java,go,d,fortran,objc,obj-c++ --prefix=/usr --program-suffix=-4.9 --enable-shared --enable-linker-build-id --libexecdir=/usr/lib --without-included-gettext --enable-threads=posix --with-gxx-include-dir=/usr/include/c++/4.9 --libdir=/usr/lib --enable-nls --with-sysroot=/ --enable-clocale=gnu --enable-libstdcxx-debug --enable-libstdcxx-time=yes --enable-gnu-unique-object --disable-vtable-verify --enable-plugin --with-system-zlib --disable-browser-plugin --enable-java-awt=gtk --enable-gtk-cairo --with-java-home=/usr/lib/jvm/java-1.5.0-gcj-4.9-amd64/jre --enable-java-home --with-jvm-root-dir=/usr/lib/jvm/java-1.5.0-gcj-4.9-amd64 --with-jvm-jar-dir=/usr/lib/jvm-exports/java-1.5.0-gcj-4.9-amd64 --with-arch-directory=amd64 --with-ecj-jar=/usr/share/java/eclipse-ecj.jar --enable-objc-gc --enable-multiarch --disable-werror --with-arch-32=i686 --with-abi=m64 --with-multilib-list=m32,m64,mx32 --enable-multilib --with-tune=generic --enable-checking=release --build=x86_64-linux-gnu --host=x86_64-linux-gnu --target=x86_64-linux-gnu]
  ignore line: [Thread model: posix]
  ignore line: [gcc version 4.9.3 (Ubuntu 4.9.3-5ubuntu1~14.04) ]
  ignore line: [COMPILER_PATH=/usr/lib/gcc/x86_64-linux-gnu/4.9/:/usr/lib/gcc/x86_64-linux-gnu/4.9/:/usr/lib/gcc/x86_64-linux-gnu/:/usr/lib/gcc/x86_64-linux-gnu/4.9/:/usr/lib/gcc/x86_64-linux-gnu/]
  ignore line: [LIBRARY_PATH=/usr/lib/gcc/x86_64-linux-gnu/4.9/:/usr/lib/gcc/x86_64-linux-gnu/4.9/../../../x86_64-linux-gnu/:/usr/lib/gcc/x86_64-linux-gnu/4.9/../../../../lib/:/lib/x86_64-linux-gnu/:/lib/../lib/:/usr/lib/x86_64-linux-gnu/:/usr/lib/../lib/:/usr/lib/gcc/x86_64-linux-gnu/4.9/../../../:/lib/:/usr/lib/]
  ignore line: [COLLECT_GCC_OPTIONS='-v' '-o' 'cmTryCompileExec1101284509' '-rdynamic' '-mtune=generic' '-march=x86-64']
  link line: [ /usr/lib/gcc/x86_64-linux-gnu/4.9/collect2 -plugin /usr/lib/gcc/x86_64-linux-gnu/4.9/liblto_plugin.so -plugin-opt=/usr/lib/gcc/x86_64-linux-gnu/4.9/lto-wrapper -plugin-opt=-fresolution=/tmp/ccAc59Vy.res -plugin-opt=-pass-through=-lgcc -plugin-opt=-pass-through=-lgcc_s -plugin-opt=-pass-through=-lc -plugin-opt=-pass-through=-lgcc -plugin-opt=-pass-through=-lgcc_s --sysroot=/ --build-id --eh-frame-hdr -m elf_x86_64 --hash-style=gnu --as-needed -export-dynamic -dynamic-linker /lib64/ld-linux-x86-64.so.2 -z relro -o cmTryCompileExec1101284509 /usr/lib/gcc/x86_64-linux-gnu/4.9/../../../x86_64-linux-gnu/crt1.o /usr/lib/gcc/x86_64-linux-gnu/4.9/../../../x86_64-linux-gnu/crti.o /usr/lib/gcc/x86_64-linux-gnu/4.9/crtbegin.o -L/usr/lib/gcc/x86_64-linux-gnu/4.9 -L/usr/lib/gcc/x86_64-linux-gnu/4.9/../../../x86_64-linux-gnu -L/usr/lib/gcc/x86_64-linux-gnu/4.9/../../../../lib -L/lib/x86_64-linux-gnu -L/lib/../lib -L/usr/lib/x86_64-linux-gnu -L/usr/lib/../lib -L/usr/lib/gcc/x86_64-linux-gnu/4.9/../../.. CMakeFiles/cmTryCompileExec1101284509.dir/CMakeCCompilerABI.c.o -lgcc --as-needed -lgcc_s --no-as-needed -lc -lgcc --as-needed -lgcc_s --no-as-needed /usr/lib/gcc/x86_64-linux-gnu/4.9/crtend.o /usr/lib/gcc/x86_64-linux-gnu/4.9/../../../x86_64-linux-gnu/crtn.o]
    arg [/usr/lib/gcc/x86_64-linux-gnu/4.9/collect2] ==> ignore
    arg [-plugin] ==> ignore
    arg [/usr/lib/gcc/x86_64-linux-gnu/4.9/liblto_plugin.so] ==> ignore
    arg [-plugin-opt=/usr/lib/gcc/x86_64-linux-gnu/4.9/lto-wrapper] ==> ignore
    arg [-plugin-opt=-fresolution=/tmp/ccAc59Vy.res] ==> ignore
    arg [-plugin-opt=-pass-through=-lgcc] ==> ignore
    arg [-plugin-opt=-pass-through=-lgcc_s] ==> ignore
    arg [-plugin-opt=-pass-through=-lc] ==> ignore
    arg [-plugin-opt=-pass-through=-lgcc] ==> ignore
    arg [-plugin-opt=-pass-through=-lgcc_s] ==> ignore
    arg [--sysroot=/] ==> ignore
    arg [--build-id] ==> ignore
    arg [--eh-frame-hdr] ==> ignore
    arg [-m] ==> ignore
    arg [elf_x86_64] ==> ignore
    arg [--hash-style=gnu] ==> ignore
    arg [--as-needed] ==> ignore
    arg [-export-dynamic] ==> ignore
    arg [-dynamic-linker] ==> ignore
    arg [/lib64/ld-linux-x86-64.so.2] ==> ignore
    arg [-zrelro] ==> ignore
    arg [-o] ==> ignore
    arg [cmTryCompileExec1101284509] ==> ignore
    arg [/usr/lib/gcc/x86_64-linux-gnu/4.9/../../../x86_64-linux-gnu/crt1.o] ==> ignore
    arg [/usr/lib/gcc/x86_64-linux-gnu/4.9/../../../x86_64-linux-gnu/crti.o] ==> ignore
    arg [/usr/lib/gcc/x86_64-linux-gnu/4.9/crtbegin.o] ==> ignore
    arg [-L/usr/lib/gcc/x86_64-linux-gnu/4.9] ==> dir [/usr/lib/gcc/x86_64-linux-gnu/4.9]
    arg [-L/usr/lib/gcc/x86_64-linux-gnu/4.9/../../../x86_64-linux-gnu] ==> dir [/usr/lib/gcc/x86_64-linux-gnu/4.9/../../../x86_64-linux-gnu]
    arg [-L/usr/lib/gcc/x86_64-linux-gnu/4.9/../../../../lib] ==> dir [/usr/lib/gcc/x86_64-linux-gnu/4.9/../../../../lib]
    arg [-L/lib/x86_64-linux-gnu] ==> dir [/lib/x86_64-linux-gnu]
    arg [-L/lib/../lib] ==> dir [/lib/../lib]
    arg [-L/usr/lib/x86_64-linux-gnu] ==> dir [/usr/lib/x86_64-linux-gnu]
    arg [-L/usr/lib/../lib] ==> dir [/usr/lib/../lib]
    arg [-L/usr/lib/gcc/x86_64-linux-gnu/4.9/../../..] ==> dir [/usr/lib/gcc/x86_64-linux-gnu/4.9/../../..]
    arg [CMakeFiles/cmTryCompileExec1101284509.dir/CMakeCCompilerABI.c.o] ==> ignore
    arg [-lgcc] ==> lib [gcc]
    arg [--as-needed] ==> ignore
    arg [-lgcc_s] ==> lib [gcc_s]
    arg [--no-as-needed] ==> ignore
    arg [-lc] ==> lib [c]
    arg [-lgcc] ==> lib [gcc]
    arg [--as-needed] ==> ignore
    arg [-lgcc_s] ==> lib [gcc_s]
    arg [--no-as-needed] ==> ignore
    arg [/usr/lib/gcc/x86_64-linux-gnu/4.9/crtend.o] ==> ignore
    arg [/usr/lib/gcc/x86_64-linux-gnu/4.9/../../../x86_64-linux-gnu/crtn.o] ==> ignore
  remove lib [gcc]
  remove lib [gcc_s]
  remove lib [gcc]
  remove lib [gcc_s]
  collapse library dir [/usr/lib/gcc/x86_64-linux-gnu/4.9] ==> [/usr/lib/gcc/x86_64-linux-gnu/4.9]
  collapse library dir [/usr/lib/gcc/x86_64-linux-gnu/4.9/../../../x86_64-linux-gnu] ==> [/usr/lib/x86_64-linux-gnu]
  collapse library dir [/usr/lib/gcc/x86_64-linux-gnu/4.9/../../../../lib] ==> [/usr/lib]
  collapse library dir [/lib/x86_64-linux-gnu] ==> [/lib/x86_64-linux-gnu]
  collapse library dir [/lib/../lib] ==> [/lib]
  collapse library dir [/usr/lib/x86_64-linux-gnu] ==> [/usr/lib/x86_64-linux-gnu]
  collapse library dir [/usr/lib/../lib] ==> [/usr/lib]
  collapse library dir [/usr/lib/gcc/x86_64-linux-gnu/4.9/../../..] ==> [/usr/lib]
  implicit libs: [c]
  implicit dirs: [/usr/lib/gcc/x86_64-linux-gnu/4.9;/usr/lib/x86_64-linux-gnu;/usr/lib;/lib/x86_64-linux-gnu;/lib]
  implicit fwks: []




Detecting C [-std=c11] compiler features compiled with the following output:
Change Dir: /home/cotrik/svn/hexmesh_2/src/CMakeFiles/CMakeTmp

Run Build Command:"/usr/bin/make" "cmTryCompileExec2464134750/fast"
/usr/bin/make -f CMakeFiles/cmTryCompileExec2464134750.dir/build.make CMakeFiles/cmTryCompileExec2464134750.dir/build
make[1]: Entering directory `/home/cotrik/svn/hexmesh_2/src/CMakeFiles/CMakeTmp'
/usr/local/bin/cmake -E cmake_progress_report /home/cotrik/svn/hexmesh_2/src/CMakeFiles/CMakeTmp/CMakeFiles 1
Building C object CMakeFiles/cmTryCompileExec2464134750.dir/feature_tests.c.o
/usr/bin/cc   -std=c11 -o CMakeFiles/cmTryCompileExec2464134750.dir/feature_tests.c.o   -c /home/cotrik/svn/hexmesh_2/src/CMakeFiles/feature_tests.c
Linking C executable cmTryCompileExec2464134750
/usr/local/bin/cmake -E cmake_link_script CMakeFiles/cmTryCompileExec2464134750.dir/link.txt --verbose=1
/usr/bin/cc       CMakeFiles/cmTryCompileExec2464134750.dir/feature_tests.c.o  -o cmTryCompileExec2464134750 -rdynamic 
make[1]: Leaving directory `/home/cotrik/svn/hexmesh_2/src/CMakeFiles/CMakeTmp'


    Feature record: C_FEATURE:1c_function_prototypes
    Feature record: C_FEATURE:1c_restrict
    Feature record: C_FEATURE:1c_static_assert
    Feature record: C_FEATURE:1c_variadic_macros


Detecting C [-std=c99] compiler features compiled with the following output:
Change Dir: /home/cotrik/svn/hexmesh_2/src/CMakeFiles/CMakeTmp

Run Build Command:"/usr/bin/make" "cmTryCompileExec3002070275/fast"
/usr/bin/make -f CMakeFiles/cmTryCompileExec3002070275.dir/build.make CMakeFiles/cmTryCompileExec3002070275.dir/build
make[1]: Entering directory `/home/cotrik/svn/hexmesh_2/src/CMakeFiles/CMakeTmp'
/usr/local/bin/cmake -E cmake_progress_report /home/cotrik/svn/hexmesh_2/src/CMakeFiles/CMakeTmp/CMakeFiles 1
Building C object CMakeFiles/cmTryCompileExec3002070275.dir/feature_tests.c.o
/usr/bin/cc   -std=c99 -o CMakeFiles/cmTryCompileExec3002070275.dir/feature_tests.c.o   -c /home/cotrik/svn/hexmesh_2/src/CMakeFiles/feature_tests.c
Linking C executable cmTryCompileExec3002070275
/usr/local/bin/cmake -E cmake_link_script CMakeFiles/cmTryCompileExec3002070275.dir/link.txt --verbose=1
/usr/bin/cc       CMakeFiles/cmTryCompileExec3002070275.dir/feature_tests.c.o  -o cmTryCompileExec3002070275 -rdynamic 
make[1]: Leaving directory `/home/cotrik/svn/hexmesh_2/src/CMakeFiles/CMakeTmp'


    Feature record: C_FEATURE:1c_function_prototypes
    Feature record: C_FEATURE:1c_restrict
    Feature record: C_FEATURE:0c_static_assert
    Feature record: C_FEATURE:1c_variadic_macros


Detecting C [-std=c90] compiler features compiled with the following output:
Change Dir: /home/cotrik/svn/hexmesh_2/src/CMakeFiles/CMakeTmp

Run Build Command:"/usr/bin/make" "cmTryCompileExec1364857806/fast"
/usr/bin/make -f CMakeFiles/cmTryCompileExec1364857806.dir/build.make CMakeFiles/cmTryCompileExec1364857806.dir/build
make[1]: Entering directory `/home/cotrik/svn/hexmesh_2/src/CMakeFiles/CMakeTmp'
/usr/local/bin/cmake -E cmake_progress_report /home/cotrik/svn/hexmesh_2/src/CMakeFiles/CMakeTmp/CMakeFiles 1
Building C object CMakeFiles/cmTryCompileExec1364857806.dir/feature_tests.c.o
/usr/bin/cc   -std=c90 -o CMakeFiles/cmTryCompileExec1364857806.dir/feature_tests.c.o   -c /home/cotrik/svn/hexmesh_2/src/CMakeFiles/feature_tests.c
Linking C executable cmTryCompileExec1364857806
/usr/local/bin/cmake -E cmake_link_script CMakeFiles/cmTryCompileExec1364857806.dir/link.txt --verbose=1
/usr/bin/cc       CMakeFiles/cmTryCompileExec1364857806.dir/feature_tests.c.o  -o cmTryCompileExec1364857806 -rdynamic 
make[1]: Leaving directory `/home/cotrik/svn/hexmesh_2/src/CMakeFiles/CMakeTmp'


    Feature record: C_FEATURE:1c_function_prototypes
    Feature record: C_FEATURE:0c_restrict
    Feature record: C_FEATURE:0c_static_assert
    Feature record: C_FEATURE:0c_variadic_macros
Determining if the CXX compiler works passed with the following output:
Change Dir: /home/cotrik/svn/hexmesh_2/src/CMakeFiles/CMakeTmp

Run Build Command:"/usr/bin/make" "cmTryCompileExec4104153393/fast"
/usr/bin/make -f CMakeFiles/cmTryCompileExec4104153393.dir/build.make CMakeFiles/cmTryCompileExec4104153393.dir/build
make[1]: Entering directory `/home/cotrik/svn/hexmesh_2/src/CMakeFiles/CMakeTmp'
/usr/local/bin/cmake -E cmake_progress_report /home/cotrik/svn/hexmesh_2/src/CMakeFiles/CMakeTmp/CMakeFiles 1
Building CXX object CMakeFiles/cmTryCompileExec4104153393.dir/testCXXCompiler.cxx.o
/usr/bin/c++     -o CMakeFiles/cmTryCompileExec4104153393.dir/testCXXCompiler.cxx.o -c /home/cotrik/svn/hexmesh_2/src/CMakeFiles/CMakeTmp/testCXXCompiler.cxx
Linking CXX executable cmTryCompileExec4104153393
/usr/local/bin/cmake -E cmake_link_script CMakeFiles/cmTryCompileExec4104153393.dir/link.txt --verbose=1
/usr/bin/c++        CMakeFiles/cmTryCompileExec4104153393.dir/testCXXCompiler.cxx.o  -o cmTryCompileExec4104153393 -rdynamic 
make[1]: Leaving directory `/home/cotrik/svn/hexmesh_2/src/CMakeFiles/CMakeTmp'


Detecting CXX compiler ABI info compiled with the following output:
Change Dir: /home/cotrik/svn/hexmesh_2/src/CMakeFiles/CMakeTmp

Run Build Command:"/usr/bin/make" "cmTryCompileExec3542030280/fast"
/usr/bin/make -f CMakeFiles/cmTryCompileExec3542030280.dir/build.make CMakeFiles/cmTryCompileExec3542030280.dir/build
make[1]: Entering directory `/home/cotrik/svn/hexmesh_2/src/CMakeFiles/CMakeTmp'
/usr/local/bin/cmake -E cmake_progress_report /home/cotrik/svn/hexmesh_2/src/CMakeFiles/CMakeTmp/CMakeFiles 1
Building CXX object CMakeFiles/cmTryCompileExec3542030280.dir/CMakeCXXCompilerABI.cpp.o
/usr/bin/c++     -o CMakeFiles/cmTryCompileExec3542030280.dir/CMakeCXXCompilerABI.cpp.o -c /usr/local/share/cmake-3.2/Modules/CMakeCXXCompilerABI.cpp
Linking CXX executable cmTryCompileExec3542030280
/usr/local/bin/cmake -E cmake_link_script CMakeFiles/cmTryCompileExec3542030280.dir/link.txt --verbose=1
/usr/bin/c++       -v CMakeFiles/cmTryCompileExec3542030280.dir/CMakeCXXCompilerABI.cpp.o  -o cmTryCompileExec3542030280 -rdynamic  
Using built-in specs.
COLLECT_GCC=/usr/bin/c++
COLLECT_LTO_WRAPPER=/usr/lib/gcc/x86_64-linux-gnu/4.9/lto-wrapper
Target: x86_64-linux-gnu
Configured with: ../src/configure -v --with-pkgversion='Ubuntu 4.9.3-5ubuntu1~14.04' --with-bugurl=file:///usr/share/doc/gcc-4.9/README.Bugs --enable-languages=c,c++,java,go,d,fortran,objc,obj-c++ --prefix=/usr --program-suffix=-4.9 --enable-shared --enable-linker-build-id --libexecdir=/usr/lib --without-included-gettext --enable-threads=posix --with-gxx-include-dir=/usr/include/c++/4.9 --libdir=/usr/lib --enable-nls --with-sysroot=/ --enable-clocale=gnu --enable-libstdcxx-debug --enable-libstdcxx-time=yes --enable-gnu-unique-object --disable-vtable-verify --enable-plugin --with-system-zlib --disable-browser-plugin --enable-java-awt=gtk --enable-gtk-cairo --with-java-home=/usr/lib/jvm/java-1.5.0-gcj-4.9-amd64/jre --enable-java-home --with-jvm-root-dir=/usr/lib/jvm/java-1.5.0-gcj-4.9-amd64 --with-jvm-jar-dir=/usr/lib/jvm-exports/java-1.5.0-gcj-4.9-amd64 --with-arch-directory=amd64 --with-ecj-jar=/usr/share/java/eclipse-ecj.jar --enable-objc-gc --enable-multiarch --disable-werror --with-arch-32=i686 --with-abi=m64 --with-multilib-list=m32,m64,mx32 --enable-multilib --with-tune=generic --enable-checking=release --build=x86_64-linux-gnu --host=x86_64-linux-gnu --target=x86_64-linux-gnu
Thread model: posix
gcc version 4.9.3 (Ubuntu 4.9.3-5ubuntu1~14.04) 
COMPILER_PATH=/usr/lib/gcc/x86_64-linux-gnu/4.9/:/usr/lib/gcc/x86_64-linux-gnu/4.9/:/usr/lib/gcc/x86_64-linux-gnu/:/usr/lib/gcc/x86_64-linux-gnu/4.9/:/usr/lib/gcc/x86_64-linux-gnu/
LIBRARY_PATH=/usr/lib/gcc/x86_64-linux-gnu/4.9/:/usr/lib/gcc/x86_64-linux-gnu/4.9/../../../x86_64-linux-gnu/:/usr/lib/gcc/x86_64-linux-gnu/4.9/../../../../lib/:/lib/x86_64-linux-gnu/:/lib/../lib/:/usr/lib/x86_64-linux-gnu/:/usr/lib/../lib/:/usr/lib/gcc/x86_64-linux-gnu/4.9/../../../:/lib/:/usr/lib/
COLLECT_GCC_OPTIONS='-v' '-o' 'cmTryCompileExec3542030280' '-rdynamic' '-shared-libgcc' '-mtune=generic' '-march=x86-64'
 /usr/lib/gcc/x86_64-linux-gnu/4.9/collect2 -plugin /usr/lib/gcc/x86_64-linux-gnu/4.9/liblto_plugin.so -plugin-opt=/usr/lib/gcc/x86_64-linux-gnu/4.9/lto-wrapper -plugin-opt=-fresolution=/tmp/cco6CNNV.res -plugin-opt=-pass-through=-lgcc_s -plugin-opt=-pass-through=-lgcc -plugin-opt=-pass-through=-lc -plugin-opt=-pass-through=-lgcc_s -plugin-opt=-pass-through=-lgcc --sysroot=/ --build-id --eh-frame-hdr -m elf_x86_64 --hash-style=gnu --as-needed -export-dynamic -dynamic-linker /lib64/ld-linux-x86-64.so.2 -z relro -o cmTryCompileExec3542030280 /usr/lib/gcc/x86_64-linux-gnu/4.9/../../../x86_64-linux-gnu/crt1.o /usr/lib/gcc/x86_64-linux-gnu/4.9/../../../x86_64-linux-gnu/crti.o /usr/lib/gcc/x86_64-linux-gnu/4.9/crtbegin.o -L/usr/lib/gcc/x86_64-linux-gnu/4.9 -L/usr/lib/gcc/x86_64-linux-gnu/4.9/../../../x86_64-linux-gnu -L/usr/lib/gcc/x86_64-linux-gnu/4.9/../../../../lib -L/lib/x86_64-linux-gnu -L/lib/../lib -L/usr/lib/x86_64-linux-gnu -L/usr/lib/../lib -L/usr/lib/gcc/x86_64-linux-gnu/4.9/../../.. CMakeFiles/cmTryCompileExec3542030280.dir/CMakeCXXCompilerABI.cpp.o -lstdc++ -lm -lgcc_s -lgcc -lc -lgcc_s -lgcc /usr/lib/gcc/x86_64-linux-gnu/4.9/crtend.o /usr/lib/gcc/x86_64-linux-gnu/4.9/../../../x86_64-linux-gnu/crtn.o
make[1]: Leaving directory `/home/cotrik/svn/hexmesh_2/src/CMakeFiles/CMakeTmp'


Parsed CXX implicit link information from above output:
  link line regex: [^( *|.*[/\])(ld|([^/\]+-)?ld|collect2)[^/\]*( |$)]
  ignore line: [Change Dir: /home/cotrik/svn/hexmesh_2/src/CMakeFiles/CMakeTmp]
  ignore line: []
  ignore line: [Run Build Command:"/usr/bin/make" "cmTryCompileExec3542030280/fast"]
  ignore line: [/usr/bin/make -f CMakeFiles/cmTryCompileExec3542030280.dir/build.make CMakeFiles/cmTryCompileExec3542030280.dir/build]
  ignore line: [make[1]: Entering directory `/home/cotrik/svn/hexmesh_2/src/CMakeFiles/CMakeTmp']
  ignore line: [/usr/local/bin/cmake -E cmake_progress_report /home/cotrik/svn/hexmesh_2/src/CMakeFiles/CMakeTmp/CMakeFiles 1]
  ignore line: [Building CXX object CMakeFiles/cmTryCompileExec3542030280.dir/CMakeCXXCompilerABI.cpp.o]
  ignore line: [/usr/bin/c++     -o CMakeFiles/cmTryCompileExec3542030280.dir/CMakeCXXCompilerABI.cpp.o -c /usr/local/share/cmake-3.2/Modules/CMakeCXXCompilerABI.cpp]
  ignore line: [Linking CXX executable cmTryCompileExec3542030280]
  ignore line: [/usr/local/bin/cmake -E cmake_link_script CMakeFiles/cmTryCompileExec3542030280.dir/link.txt --verbose=1]
  ignore line: [/usr/bin/c++       -v CMakeFiles/cmTryCompileExec3542030280.dir/CMakeCXXCompilerABI.cpp.o  -o cmTryCompileExec3542030280 -rdynamic  ]
  ignore line: [Using built-in specs.]
  ignore line: [COLLECT_GCC=/usr/bin/c++]
  ignore line: [COLLECT_LTO_WRAPPER=/usr/lib/gcc/x86_64-linux-gnu/4.9/lto-wrapper]
  ignore line: [Target: x86_64-linux-gnu]
  ignore line: [Configured with: ../src/configure -v --with-pkgversion='Ubuntu 4.9.3-5ubuntu1~14.04' --with-bugurl=file:///usr/share/doc/gcc-4.9/README.Bugs --enable-languages=c,c++,java,go,d,fortran,objc,obj-c++ --prefix=/usr --program-suffix=-4.9 --enable-shared --enable-linker-build-id --libexecdir=/usr/lib --without-included-gettext --enable-threads=posix --with-gxx-include-dir=/usr/include/c++/4.9 --libdir=/usr/lib --enable-nls --with-sysroot=/ --enable-clocale=gnu --enable-libstdcxx-debug --enable-libstdcxx-time=yes --enable-gnu-unique-object --disable-vtable-verify --enable-plugin --with-system-zlib --disable-browser-plugin --enable-java-awt=gtk --enable-gtk-cairo --with-java-home=/usr/lib/jvm/java-1.5.0-gcj-4.9-amd64/jre --enable-java-home --with-jvm-root-dir=/usr/lib/jvm/java-1.5.0-gcj-4.9-amd64 --with-jvm-jar-dir=/usr/lib/jvm-exports/java-1.5.0-gcj-4.9-amd64 --with-arch-directory=amd64 --with-ecj-jar=/usr/share/java/eclipse-ecj.jar --enable-objc-gc --enable-multiarch --disable-werror --with-arch-32=i686 --with-abi=m64 --with-multilib-list=m32,m64,mx32 --enable-multilib --with-tune=generic --enable-checking=release --build=x86_64-linux-gnu --host=x86_64-linux-gnu --target=x86_64-linux-gnu]
  ignore line: [Thread model: posix]
  ignore line: [gcc version 4.9.3 (Ubuntu 4.9.3-5ubuntu1~14.04) ]
  ignore line: [COMPILER_PATH=/usr/lib/gcc/x86_64-linux-gnu/4.9/:/usr/lib/gcc/x86_64-linux-gnu/4.9/:/usr/lib/gcc/x86_64-linux-gnu/:/usr/lib/gcc/x86_64-linux-gnu/4.9/:/usr/lib/gcc/x86_64-linux-gnu/]
  ignore line: [LIBRARY_PATH=/usr/lib/gcc/x86_64-linux-gnu/4.9/:/usr/lib/gcc/x86_64-linux-gnu/4.9/../../../x86_64-linux-gnu/:/usr/lib/gcc/x86_64-linux-gnu/4.9/../../../../lib/:/lib/x86_64-linux-gnu/:/lib/../lib/:/usr/lib/x86_64-linux-gnu/:/usr/lib/../lib/:/usr/lib/gcc/x86_64-linux-gnu/4.9/../../../:/lib/:/usr/lib/]
  ignore line: [COLLECT_GCC_OPTIONS='-v' '-o' 'cmTryCompileExec3542030280' '-rdynamic' '-shared-libgcc' '-mtune=generic' '-march=x86-64']
  link line: [ /usr/lib/gcc/x86_64-linux-gnu/4.9/collect2 -plugin /usr/lib/gcc/x86_64-linux-gnu/4.9/liblto_plugin.so -plugin-opt=/usr/lib/gcc/x86_64-linux-gnu/4.9/lto-wrapper -plugin-opt=-fresolution=/tmp/cco6CNNV.res -plugin-opt=-pass-through=-lgcc_s -plugin-opt=-pass-through=-lgcc -plugin-opt=-pass-through=-lc -plugin-opt=-pass-through=-lgcc_s -plugin-opt=-pass-through=-lgcc --sysroot=/ --build-id --eh-frame-hdr -m elf_x86_64 --hash-style=gnu --as-needed -export-dynamic -dynamic-linker /lib64/ld-linux-x86-64.so.2 -z relro -o cmTryCompileExec3542030280 /usr/lib/gcc/x86_64-linux-gnu/4.9/../../../x86_64-linux-gnu/crt1.o /usr/lib/gcc/x86_64-linux-gnu/4.9/../../../x86_64-linux-gnu/crti.o /usr/lib/gcc/x86_64-linux-gnu/4.9/crtbegin.o -L/usr/lib/gcc/x86_64-linux-gnu/4.9 -L/usr/lib/gcc/x86_64-linux-gnu/4.9/../../../x86_64-linux-gnu -L/usr/lib/gcc/x86_64-linux-gnu/4.9/../../../../lib -L/lib/x86_64-linux-gnu -L/lib/../lib -L/usr/lib/x86_64-linux-gnu -L/usr/lib/../lib -L/usr/lib/gcc/x86_64-linux-gnu/4.9/../../.. CMakeFiles/cmTryCompileExec3542030280.dir/CMakeCXXCompilerABI.cpp.o -lstdc++ -lm -lgcc_s -lgcc -lc -lgcc_s -lgcc /usr/lib/gcc/x86_64-linux-gnu/4.9/crtend.o /usr/lib/gcc/x86_64-linux-gnu/4.9/../../../x86_64-linux-gnu/crtn.o]
    arg [/usr/lib/gcc/x86_64-linux-gnu/4.9/collect2] ==> ignore
    arg [-plugin] ==> ignore
    arg [/usr/lib/gcc/x86_64-linux-gnu/4.9/liblto_plugin.so] ==> ignore
    arg [-plugin-opt=/usr/lib/gcc/x86_64-linux-gnu/4.9/lto-wrapper] ==> ignore
    arg [-plugin-opt=-fresolution=/tmp/cco6CNNV.res] ==> ignore
    arg [-plugin-opt=-pass-through=-lgcc_s] ==> ignore
    arg [-plugin-opt=-pass-through=-lgcc] ==> ignore
    arg [-plugin-opt=-pass-through=-lc] ==> ignore
    arg [-plugin-opt=-pass-through=-lgcc_s] ==> ignore
    arg [-plugin-opt=-pass-through=-lgcc] ==> ignore
    arg [--sysroot=/] ==> ignore
    arg [--build-id] ==> ignore
    arg [--eh-frame-hdr] ==> ignore
    arg [-m] ==> ignore
    arg [elf_x86_64] ==> ignore
    arg [--hash-style=gnu] ==> ignore
    arg [--as-needed] ==> ignore
    arg [-export-dynamic] ==> ignore
    arg [-dynamic-linker] ==> ignore
    arg [/lib64/ld-linux-x86-64.so.2] ==> ignore
    arg [-zrelro] ==> ignore
    arg [-o] ==> ignore
    arg [cmTryCompileExec3542030280] ==> ignore
    arg [/usr/lib/gcc/x86_64-linux-gnu/4.9/../../../x86_64-linux-gnu/crt1.o] ==> ignore
    arg [/usr/lib/gcc/x86_64-linux-gnu/4.9/../../../x86_64-linux-gnu/crti.o] ==> ignore
    arg [/usr/lib/gcc/x86_64-linux-gnu/4.9/crtbegin.o] ==> ignore
    arg [-L/usr/lib/gcc/x86_64-linux-gnu/4.9] ==> dir [/usr/lib/gcc/x86_64-linux-gnu/4.9]
    arg [-L/usr/lib/gcc/x86_64-linux-gnu/4.9/../../../x86_64-linux-gnu] ==> dir [/usr/lib/gcc/x86_64-linux-gnu/4.9/../../../x86_64-linux-gnu]
    arg [-L/usr/lib/gcc/x86_64-linux-gnu/4.9/../../../../lib] ==> dir [/usr/lib/gcc/x86_64-linux-gnu/4.9/../../../../lib]
    arg [-L/lib/x86_64-linux-gnu] ==> dir [/lib/x86_64-linux-gnu]
    arg [-L/lib/../lib] ==> dir [/lib/../lib]
    arg [-L/usr/lib/x86_64-linux-gnu] ==> dir [/usr/lib/x86_64-linux-gnu]
    arg [-L/usr/lib/../lib] ==> dir [/usr/lib/../lib]
    arg [-L/usr/lib/gcc/x86_64-linux-gnu/4.9/../../..] ==> dir [/usr/lib/gcc/x86_64-linux-gnu/4.9/../../..]
    arg [CMakeFiles/cmTryCompileExec3542030280.dir/CMakeCXXCompilerABI.cpp.o] ==> ignore
    arg [-lstdc++] ==> lib [stdc++]
    arg [-lm] ==> lib [m]
    arg [-lgcc_s] ==> lib [gcc_s]
    arg [-lgcc] ==> lib [gcc]
    arg [-lc] ==> lib [c]
    arg [-lgcc_s] ==> lib [gcc_s]
    arg [-lgcc] ==> lib [gcc]
    arg [/usr/lib/gcc/x86_64-linux-gnu/4.9/crtend.o] ==> ignore
    arg [/usr/lib/gcc/x86_64-linux-gnu/4.9/../../../x86_64-linux-gnu/crtn.o] ==> ignore
  remove lib [gcc_s]
  remove lib [gcc]
  remove lib [gcc_s]
  remove lib [gcc]
  collapse library dir [/usr/lib/gcc/x86_64-linux-gnu/4.9] ==> [/usr/lib/gcc/x86_64-linux-gnu/4.9]
  collapse library dir [/usr/lib/gcc/x86_64-linux-gnu/4.9/../../../x86_64-linux-gnu] ==> [/usr/lib/x86_64-linux-gnu]
  collapse library dir [/usr/lib/gcc/x86_64-linux-gnu/4.9/../../../../lib] ==> [/usr/lib]
  collapse library dir [/lib/x86_64-linux-gnu] ==> [/lib/x86_64-linux-gnu]
  collapse library dir [/lib/../lib] ==> [/lib]
  collapse library dir [/usr/lib/x86_64-linux-gnu] ==> [/usr/lib/x86_64-linux-gnu]
  collapse library dir [/usr/lib/../lib] ==> [/usr/lib]
  collapse library dir [/usr/lib/gcc/x86_64-linux-gnu/4.9/../../..] ==> [/usr/lib]
  implicit libs: [stdc++;m;c]
  implicit dirs: [/usr/lib/gcc/x86_64-linux-gnu/4.9;/usr/lib/x86_64-linux-gnu;/usr/lib;/lib/x86_64-linux-gnu;/lib]
  implicit fwks: []




Detecting CXX [-std=c++14] compiler features compiled with the following output:
Change Dir: /home/cotrik/svn/hexmesh_2/src/CMakeFiles/CMakeTmp

Run Build Command:"/usr/bin/make" "cmTryCompileExec2048886988/fast"
/usr/bin/make -f CMakeFiles/cmTryCompileExec2048886988.dir/build.make CMakeFiles/cmTryCompileExec2048886988.dir/build
make[1]: Entering directory `/home/cotrik/svn/hexmesh_2/src/CMakeFiles/CMakeTmp'
/usr/local/bin/cmake -E cmake_progress_report /home/cotrik/svn/hexmesh_2/src/CMakeFiles/CMakeTmp/CMakeFiles 1
Building CXX object CMakeFiles/cmTryCompileExec2048886988.dir/feature_tests.cxx.o
/usr/bin/c++    -std=c++14 -o CMakeFiles/cmTryCompileExec2048886988.dir/feature_tests.cxx.o -c /home/cotrik/svn/hexmesh_2/src/CMakeFiles/feature_tests.cxx
Linking CXX executable cmTryCompileExec2048886988
/usr/local/bin/cmake -E cmake_link_script CMakeFiles/cmTryCompileExec2048886988.dir/link.txt --verbose=1
/usr/bin/c++        CMakeFiles/cmTryCompileExec2048886988.dir/feature_tests.cxx.o  -o cmTryCompileExec2048886988 -rdynamic 
make[1]: Leaving directory `/home/cotrik/svn/hexmesh_2/src/CMakeFiles/CMakeTmp'


    Feature record: CXX_FEATURE:0cxx_aggregate_default_initializers
    Feature record: CXX_FEATURE:1cxx_alias_templates
    Feature record: CXX_FEATURE:1cxx_alignas
    Feature record: CXX_FEATURE:1cxx_alignof
    Feature record: CXX_FEATURE:1cxx_attributes
    Feature record: CXX_FEATURE:1cxx_attribute_deprecated
    Feature record: CXX_FEATURE:1cxx_auto_type
    Feature record: CXX_FEATURE:1cxx_binary_literals
    Feature record: CXX_FEATURE:1cxx_constexpr
    Feature record: CXX_FEATURE:1cxx_contextual_conversions
    Feature record: CXX_FEATURE:1cxx_decltype
    Feature record: CXX_FEATURE:1cxx_decltype_auto
    Feature record: CXX_FEATURE:1cxx_decltype_incomplete_return_types
    Feature record: CXX_FEATURE:1cxx_default_function_template_args
    Feature record: CXX_FEATURE:1cxx_defaulted_functions
    Feature record: CXX_FEATURE:1cxx_defaulted_move_initializers
    Feature record: CXX_FEATURE:1cxx_delegating_constructors
    Feature record: CXX_FEATURE:1cxx_deleted_functions
    Feature record: CXX_FEATURE:1cxx_digit_separators
    Feature record: CXX_FEATURE:1cxx_enum_forward_declarations
    Feature record: CXX_FEATURE:1cxx_explicit_conversions
    Feature record: CXX_FEATURE:1cxx_extended_friend_declarations
    Feature record: CXX_FEATURE:1cxx_extern_templates
    Feature record: CXX_FEATURE:1cxx_final
    Feature record: CXX_FEATURE:1cxx_func_identifier
    Feature record: CXX_FEATURE:1cxx_generalized_initializers
    Feature record: CXX_FEATURE:1cxx_generic_lambdas
    Feature record: CXX_FEATURE:1cxx_inheriting_constructors
    Feature record: CXX_FEATURE:1cxx_inline_namespaces
    Feature record: CXX_FEATURE:1cxx_lambdas
    Feature record: CXX_FEATURE:1cxx_lambda_init_captures
    Feature record: CXX_FEATURE:1cxx_local_type_template_args
    Feature record: CXX_FEATURE:1cxx_long_long_type
    Feature record: CXX_FEATURE:1cxx_noexcept
    Feature record: CXX_FEATURE:1cxx_nonstatic_member_init
    Feature record: CXX_FEATURE:1cxx_nullptr
    Feature record: CXX_FEATURE:1cxx_override
    Feature record: CXX_FEATURE:1cxx_range_for
    Feature record: CXX_FEATURE:1cxx_raw_string_literals
    Feature record: CXX_FEATURE:1cxx_reference_qualified_functions
    Feature record: CXX_FEATURE:0cxx_relaxed_constexpr
    Feature record: CXX_FEATURE:1cxx_return_type_deduction
    Feature record: CXX_FEATURE:1cxx_right_angle_brackets
    Feature record: CXX_FEATURE:1cxx_rvalue_references
    Feature record: CXX_FEATURE:1cxx_sizeof_member
    Feature record: CXX_FEATURE:1cxx_static_assert
    Feature record: CXX_FEATURE:1cxx_strong_enums
    Feature record: CXX_FEATURE:1cxx_template_template_parameters
    Feature record: CXX_FEATURE:1cxx_thread_local
    Feature record: CXX_FEATURE:1cxx_trailing_return_types
    Feature record: CXX_FEATURE:1cxx_unicode_literals
    Feature record: CXX_FEATURE:1cxx_uniform_initialization
    Feature record: CXX_FEATURE:1cxx_unrestricted_unions
    Feature record: CXX_FEATURE:1cxx_user_literals
    Feature record: CXX_FEATURE:0cxx_variable_templates
    Feature record: CXX_FEATURE:1cxx_variadic_macros
    Feature record: CXX_FEATURE:1cxx_variadic_templates


Detecting CXX [-std=c++11] compiler features compiled with the following output:
Change Dir: /home/cotrik/svn/hexmesh_2/src/CMakeFiles/CMakeTmp

Run Build Command:"/usr/bin/make" "cmTryCompileExec916321201/fast"
/usr/bin/make -f CMakeFiles/cmTryCompileExec916321201.dir/build.make CMakeFiles/cmTryCompileExec916321201.dir/build
make[1]: Entering directory `/home/cotrik/svn/hexmesh_2/src/CMakeFiles/CMakeTmp'
/usr/local/bin/cmake -E cmake_progress_report /home/cotrik/svn/hexmesh_2/src/CMakeFiles/CMakeTmp/CMakeFiles 1
Building CXX object CMakeFiles/cmTryCompileExec916321201.dir/feature_tests.cxx.o
/usr/bin/c++    -std=c++11 -o CMakeFiles/cmTryCompileExec916321201.dir/feature_tests.cxx.o -c /home/cotrik/svn/hexmesh_2/src/CMakeFiles/feature_tests.cxx
Linking CXX executable cmTryCompileExec916321201
/usr/local/bin/cmake -E cmake_link_script CMakeFiles/cmTryCompileExec916321201.dir/link.txt --verbose=1
/usr/bin/c++        CMakeFiles/cmTryCompileExec916321201.dir/feature_tests.cxx.o  -o cmTryCompileExec916321201 -rdynamic 
make[1]: Leaving directory `/home/cotrik/svn/hexmesh_2/src/CMakeFiles/CMakeTmp'


    Feature record: CXX_FEATURE:0cxx_aggregate_default_initializers
    Feature record: CXX_FEATURE:1cxx_alias_templates
    Feature record: CXX_FEATURE:1cxx_alignas
    Feature record: CXX_FEATURE:1cxx_alignof
    Feature record: CXX_FEATURE:1cxx_attributes
    Feature record: CXX_FEATURE:0cxx_attribute_deprecated
    Feature record: CXX_FEATURE:1cxx_auto_type
    Feature record: CXX_FEATURE:0cxx_binary_literals
    Feature record: CXX_FEATURE:1cxx_constexpr
    Feature record: CXX_FEATURE:0cxx_contextual_conversions
    Feature record: CXX_FEATURE:1cxx_decltype
    Feature record: CXX_FEATURE:0cxx_decltype_auto
    Feature record: CXX_FEATURE:1cxx_decltype_incomplete_return_types
    Feature record: CXX_FEATURE:1cxx_default_function_template_args
    Feature record: CXX_FEATURE:1cxx_defaulted_functions
    Feature record: CXX_FEATURE:1cxx_defaulted_move_initializers
    Feature record: CXX_FEATURE:1cxx_delegating_constructors
    Feature record: CXX_FEATURE:1cxx_deleted_functions
    Feature record: CXX_FEATURE:0cxx_digit_separators
    Feature record: CXX_FEATURE:1cxx_enum_forward_declarations
    Feature record: CXX_FEATURE:1cxx_explicit_conversions
    Feature record: CXX_FEATURE:1cxx_extended_friend_declarations
    Feature record: CXX_FEATURE:1cxx_extern_templates
    Feature record: CXX_FEATURE:1cxx_final
    Feature record: CXX_FEATURE:1cxx_func_identifier
    Feature record: CXX_FEATURE:1cxx_generalized_initializers
    Feature record: CXX_FEATURE:0cxx_generic_lambdas
    Feature record: CXX_FEATURE:1cxx_inheriting_constructors
    Feature record: CXX_FEATURE:1cxx_inline_namespaces
    Feature record: CXX_FEATURE:1cxx_lambdas
    Feature record: CXX_FEATURE:0cxx_lambda_init_captures
    Feature record: CXX_FEATURE:1cxx_local_type_template_args
    Feature record: CXX_FEATURE:1cxx_long_long_type
    Feature record: CXX_FEATURE:1cxx_noexcept
    Feature record: CXX_FEATURE:1cxx_nonstatic_member_init
    Feature record: CXX_FEATURE:1cxx_nullptr
    Feature record: CXX_FEATURE:1cxx_override
    Feature record: CXX_FEATURE:1cxx_range_for
    Feature record: CXX_FEATURE:1cxx_raw_string_literals
    Feature record: CXX_FEATURE:1cxx_reference_qualified_functions
    Feature record: CXX_FEATURE:0cxx_relaxed_constexpr
    Feature record: CXX_FEATURE:0cxx_return_type_deduction
    Feature record: CXX_FEATURE:1cxx_right_angle_brackets
    Feature record: CXX_FEATURE:1cxx_rvalue_references
    Feature record: CXX_FEATURE:1cxx_sizeof_member
    Feature record: CXX_FEATURE:1cxx_static_assert
    Feature record: CXX_FEATURE:1cxx_strong_enums
    Feature record: CXX_FEATURE:1cxx_template_template_parameters
    Feature record: CXX_FEATURE:1cxx_thread_local
    Feature record: CXX_FEATURE:1cxx_trailing_return_types
    Feature record: CXX_FEATURE:1cxx_unicode_literals
    Feature record: CXX_FEATURE:1cxx_uniform_initialization
    Feature record: CXX_FEATURE:1cxx_unrestricted_unions
    Feature record: CXX_FEATURE:1cxx_user_literals
    Feature record: CXX_FEATURE:0cxx_variable_templates
    Feature record: CXX_FEATURE:1cxx_variadic_macros
    Feature record: CXX_FEATURE:1cxx_variadic_templates


Detecting CXX [-std=c++98] compiler features compiled with the following output:
Change Dir: /home/cotrik/svn/hexmesh_2/src/CMakeFiles/CMakeTmp

Run Build Command:"/usr/bin/make" "cmTryCompileExec926999406/fast"
/usr/bin/make -f CMakeFiles/cmTryCompileExec926999406.dir/build.make CMakeFiles/cmTryCompileExec926999406.dir/build
make[1]: Entering directory `/home/cotrik/svn/hexmesh_2/src/CMakeFiles/CMakeTmp'
/usr/local/bin/cmake -E cmake_progress_report /home/cotrik/svn/hexmesh_2/src/CMakeFiles/CMakeTmp/CMakeFiles 1
Building CXX object CMakeFiles/cmTryCompileExec926999406.dir/feature_tests.cxx.o
/usr/bin/c++    -std=c++98 -o CMakeFiles/cmTryCompileExec926999406.dir/feature_tests.cxx.o -c /home/cotrik/svn/hexmesh_2/src/CMakeFiles/feature_tests.cxx
Linking CXX executable cmTryCompileExec926999406
/usr/local/bin/cmake -E cmake_link_script CMakeFiles/cmTryCompileExec926999406.dir/link.txt --verbose=1
/usr/bin/c++        CMakeFiles/cmTryCompileExec926999406.dir/feature_tests.cxx.o  -o cmTryCompileExec926999406 -rdynamic 
make[1]: Leaving directory `/home/cotrik/svn/hexmesh_2/src/CMakeFiles/CMakeTmp'


    Feature record: CXX_FEATURE:0cxx_aggregate_default_initializers
    Feature record: CXX_FEATURE:0cxx_alias_templates
    Feature record: CXX_FEATURE:0cxx_alignas
    Feature record: CXX_FEATURE:0cxx_alignof
    Feature record: CXX_FEATURE:0cxx_attributes
    Feature record: CXX_FEATURE:0cxx_attribute_deprecated
    Feature record: CXX_FEATURE:0cxx_auto_type
    Feature record: CXX_FEATURE:0cxx_binary_literals
    Feature record: CXX_FEATURE:0cxx_constexpr
    Feature record: CXX_FEATURE:0cxx_contextual_conversions
    Feature record: CXX_FEATURE:0cxx_decltype
    Feature record: CXX_FEATURE:0cxx_decltype_auto
    Feature record: CXX_FEATURE:0cxx_decltype_incomplete_return_types
    Feature record: CXX_FEATURE:0cxx_default_function_template_args
    Feature record: CXX_FEATURE:0cxx_defaulted_functions
    Feature record: CXX_FEATURE:0cxx_defaulted_move_initializers
    Feature record: CXX_FEATURE:0cxx_delegating_constructors
    Feature record: CXX_FEATURE:0cxx_deleted_functions
    Feature record: CXX_FEATURE:0cxx_digit_separators
    Feature record: CXX_FEATURE:0cxx_enum_forward_declarations
    Feature record: CXX_FEATURE:0cxx_explicit_conversions
    Feature record: CXX_FEATURE:0cxx_extended_friend_declarations
    Feature record: CXX_FEATURE:0cxx_extern_templates
    Feature record: CXX_FEATURE:0cxx_final
    Feature record: CXX_FEATURE:0cxx_func_identifier
    Feature record: CXX_FEATURE:0cxx_generalized_initializers
    Feature record: CXX_FEATURE:0cxx_generic_lambdas
    Feature record: CXX_FEATURE:0cxx_inheriting_constructors
    Feature record: CXX_FEATURE:0cxx_inline_namespaces
    Feature record: CXX_FEATURE:0cxx_lambdas
    Feature record: CXX_FEATURE:0cxx_lambda_init_captures
    Feature record: CXX_FEATURE:0cxx_local_type_template_args
    Feature record: CXX_FEATURE:0cxx_long_long_type
    Feature record: CXX_FEATURE:0cxx_noexcept
    Feature record: CXX_FEATURE:0cxx_nonstatic_member_init
    Feature record: CXX_FEATURE:0cxx_nullptr
    Feature record: CXX_FEATURE:0cxx_override
    Feature record: CXX_FEATURE:0cxx_range_for
    Feature record: CXX_FEATURE:0cxx_raw_string_literals
    Feature record: CXX_FEATURE:0cxx_reference_qualified_functions
    Feature record: CXX_FEATURE:0cxx_relaxed_constexpr
    Feature record: CXX_FEATURE:0cxx_return_type_deduction
    Feature record: CXX_FEATURE:0cxx_right_angle_brackets
    Feature record: CXX_FEATURE:0cxx_rvalue_references
    Feature record: CXX_FEATURE:0cxx_sizeof_member
    Feature record: CXX_FEATURE:0cxx_static_assert
    Feature record: CXX_FEATURE:0cxx_strong_enums
    Feature record: CXX_FEATURE:1cxx_template_template_parameters
    Feature record: CXX_FEATURE:0cxx_thread_local
    Feature record: CXX_FEATURE:0cxx_trailing_return_types
    Feature record: CXX_FEATURE:0cxx_unicode_literals
    Feature record: CXX_FEATURE:0cxx_uniform_initialization
    Feature record: CXX_FEATURE:0cxx_unrestricted_unions
    Feature record: CXX_FEATURE:0cxx_user_literals
    Feature record: CXX_FEATURE:0cxx_variable_templates
    Feature record: CXX_FEATURE:0cxx_variadic_macros
    Feature record: CXX_FEATURE:0cxx_variadic_templates
Performing C++ SOURCE FILE Test COMPILER_SUPPORTS_CXX11 succeded with the following output:
Change Dir: /home/cotrik/svn/hexmesh_2/src/CMakeFiles/CMakeTmp

Run Build Command:"/usr/bin/make" "cmTryCompileExec938529333/fast"
/usr/bin/make -f CMakeFiles/cmTryCompileExec938529333.dir/build.make CMakeFiles/cmTryCompileExec938529333.dir/build
make[1]: Entering directory `/home/cotrik/svn/hexmesh_2/src/CMakeFiles/CMakeTmp'
/usr/local/bin/cmake -E cmake_progress_report /home/cotrik/svn/hexmesh_2/src/CMakeFiles/CMakeTmp/CMakeFiles 1
Building CXX object CMakeFiles/cmTryCompileExec938529333.dir/src.cxx.o
/usr/bin/c++    -DCOMPILER_SUPPORTS_CXX11   -std=c++11 -o CMakeFiles/cmTryCompileExec938529333.dir/src.cxx.o -c /home/cotrik/svn/hexmesh_2/src/CMakeFiles/CMakeTmp/src.cxx
Linking CXX executable cmTryCompileExec938529333
/usr/local/bin/cmake -E cmake_link_script CMakeFiles/cmTryCompileExec938529333.dir/link.txt --verbose=1
/usr/bin/c++    -DCOMPILER_SUPPORTS_CXX11    CMakeFiles/cmTryCompileExec938529333.dir/src.cxx.o  -o cmTryCompileExec938529333 -rdynamic 
make[1]: Leaving directory `/home/cotrik/svn/hexmesh_2/src/CMakeFiles/CMakeTmp'

Source file was:
int main() { return 0; }
Performing C++ SOURCE FILE Test COMPILER_SUPPORTS_CXX0X succeded with the following output:
Change Dir: /home/cotrik/svn/hexmesh_2/src/CMakeFiles/CMakeTmp

Run Build Command:"/usr/bin/make" "cmTryCompileExec3652601977/fast"
/usr/bin/make -f CMakeFiles/cmTryCompileExec3652601977.dir/build.make CMakeFiles/cmTryCompileExec3652601977.dir/build
make[1]: Entering directory `/home/cotrik/svn/hexmesh_2/src/CMakeFiles/CMakeTmp'
/usr/local/bin/cmake -E cmake_progress_report /home/cotrik/svn/hexmesh_2/src/CMakeFiles/CMakeTmp/CMakeFiles 1
Building CXX object CMakeFiles/cmTryCompileExec3652601977.dir/src.cxx.o
/usr/bin/c++    -DCOMPILER_SUPPORTS_CXX0X   -std=c++0x -o CMakeFiles/cmTryCompileExec3652601977.dir/src.cxx.o -c /home/cotrik/svn/hexmesh_2/src/CMakeFiles/CMakeTmp/src.cxx
Linking CXX executable cmTryCompileExec3652601977
/usr/local/bin/cmake -E cmake_link_script CMakeFiles/cmTryCompileExec3652601977.dir/link.txt --verbose=1
/usr/bin/c++    -DCOMPILER_SUPPORTS_CXX0X    CMakeFiles/cmTryCompileExec3652601977.dir/src.cxx.o  -o cmTryCompileExec3652601977 -rdynamic 
make[1]: Leaving directory `/home/cotrik/svn/hexmesh_2/src/CMakeFiles/CMakeTmp'

Source file was:
int main() { return 0; }
Determining if files pthread.h exist passed with the following output:
Change Dir: /home/cotrik/svn/hexmesh_2/src/CMakeFiles/CMakeTmp

Run Build Command:"/usr/bin/make" "cmTryCompileExec2450658501/fast"
/usr/bin/make -f CMakeFiles/cmTryCompileExec2450658501.dir/build.make CMakeFiles/cmTryCompileExec2450658501.dir/build
make[1]: Entering directory `/home/cotrik/svn/hexmesh_2/src/CMakeFiles/CMakeTmp'
/usr/local/bin/cmake -E cmake_progress_report /home/cotrik/svn/hexmesh_2/src/CMakeFiles/CMakeTmp/CMakeFiles 1
Building C object CMakeFiles/cmTryCompileExec2450658501.dir/CheckIncludeFiles.c.o
/usr/bin/cc    -o CMakeFiles/cmTryCompileExec2450658501.dir/CheckIncludeFiles.c.o   -c /home/cotrik/svn/hexmesh_2/src/CMakeFiles/CMakeTmp/CheckIncludeFiles.c
Linking C executable cmTryCompileExec2450658501
/usr/local/bin/cmake -E cmake_link_script CMakeFiles/cmTryCompileExec2450658501.dir/link.txt --verbose=1
/usr/bin/cc        CMakeFiles/cmTryCompileExec2450658501.dir/CheckIncludeFiles.c.o  -o cmTryCompileExec2450658501 -rdynamic 
make[1]: Leaving directory `/home/cotrik/svn/hexmesh_2/src/CMakeFiles/CMakeTmp'


Determining if the function pthread_create exists in the pthread passed with the following output:
Change Dir: /home/cotrik/svn/hexmesh_2/src/CMakeFiles/CMakeTmp

Run Build Command:"/usr/bin/make" "cmTryCompileExec937322137/fast"
/usr/bin/make -f CMakeFiles/cmTryCompileExec937322137.dir/build.make CMakeFiles/cmTryCompileExec937322137.dir/build
make[1]: Entering directory `/home/cotrik/svn/hexmesh_2/src/CMakeFiles/CMakeTmp'
/usr/local/bin/cmake -E cmake_progress_report /home/cotrik/svn/hexmesh_2/src/CMakeFiles/CMakeTmp/CMakeFiles 1
Building C object CMakeFiles/cmTryCompileExec937322137.dir/CheckFunctionExists.c.o
/usr/bin/cc   -DCHECK_FUNCTION_EXISTS=pthread_create   -o CMakeFiles/cmTryCompileExec937322137.dir/CheckFunctionExists.c.o   -c /usr/local/share/cmake-3.2/Modules/CheckFunctionExists.c
Linking C executable cmTryCompileExec937322137
/usr/local/bin/cmake -E cmake_link_script CMakeFiles/cmTryCompileExec937322137.dir/link.txt --verbose=1
/usr/bin/cc    -DCHECK_FUNCTION_EXISTS=pthread_create    CMakeFiles/cmTryCompileExec937322137.dir/CheckFunctionExists.c.o  -o cmTryCompileExec937322137 -rdynamic -lpthread 
make[1]: Leaving directory `/home/cotrik/svn/hexmesh_2/src/CMakeFiles/CMakeTmp'


Determining if the function XOpenDisplay exists in the /usr/lib/x86_64-linux-gnu/libX11.so;/usr/lib/x86_64-linux-gnu/libXext.so passed with the following output:
Change Dir: /home/cotrik/svn/hexmesh_2/src/CMakeFiles/CMakeTmp

Run Build Command:"/usr/bin/make" "cmTryCompileExec4206912657/fast"
/usr/bin/make -f CMakeFiles/cmTryCompileExec4206912657.dir/build.make CMakeFiles/cmTryCompileExec4206912657.dir/build
make[1]: Entering directory `/home/cotrik/svn/hexmesh_2/src/CMakeFiles/CMakeTmp'
/usr/local/bin/cmake -E cmake_progress_report /home/cotrik/svn/hexmesh_2/src/CMakeFiles/CMakeTmp/CMakeFiles 1
Building C object CMakeFiles/cmTryCompileExec4206912657.dir/CheckFunctionExists.c.o
/usr/bin/cc   -DCHECK_FUNCTION_EXISTS=XOpenDisplay   -o CMakeFiles/cmTryCompileExec4206912657.dir/CheckFunctionExists.c.o   -c /usr/local/share/cmake-3.2/Modules/CheckFunctionExists.c
Linking C executable cmTryCompileExec4206912657
/usr/local/bin/cmake -E cmake_link_script CMakeFiles/cmTryCompileExec4206912657.dir/link.txt --verbose=1
/usr/bin/cc    -DCHECK_FUNCTION_EXISTS=XOpenDisplay    CMakeFiles/cmTryCompileExec4206912657.dir/CheckFunctionExists.c.o  -o cmTryCompileExec4206912657 -rdynamic -lX11 -lXext 
make[1]: Leaving directory `/home/cotrik/svn/hexmesh_2/src/CMakeFiles/CMakeTmp'


Determining if the function gethostbyname exists passed with the following output:
Change Dir: /home/cotrik/svn/hexmesh_2/src/CMakeFiles/CMakeTmp

Run Build Command:"/usr/bin/make" "cmTryCompileExec4272583817/fast"
/usr/bin/make -f CMakeFiles/cmTryCompileExec4272583817.dir/build.make CMakeFiles/cmTryCompileExec4272583817.dir/build
make[1]: Entering directory `/home/cotrik/svn/hexmesh_2/src/CMakeFiles/CMakeTmp'
/usr/local/bin/cmake -E cmake_progress_report /home/cotrik/svn/hexmesh_2/src/CMakeFiles/CMakeTmp/CMakeFiles 1
Building C object CMakeFiles/cmTryCompileExec4272583817.dir/CheckFunctionExists.c.o
/usr/bin/cc   -DCHECK_FUNCTION_EXISTS=gethostbyname   -o CMakeFiles/cmTryCompileExec4272583817.dir/CheckFunctionExists.c.o   -c /usr/local/share/cmake-3.2/Modules/CheckFunctionExists.c
Linking C executable cmTryCompileExec4272583817
/usr/local/bin/cmake -E cmake_link_script CMakeFiles/cmTryCompileExec4272583817.dir/link.txt --verbose=1
/usr/bin/cc    -DCHECK_FUNCTION_EXISTS=gethostbyname    CMakeFiles/cmTryCompileExec4272583817.dir/CheckFunctionExists.c.o  -o cmTryCompileExec4272583817 -rdynamic 
make[1]: Leaving directory `/home/cotrik/svn/hexmesh_2/src/CMakeFiles/CMakeTmp'


Determining if the function connect exists passed with the following output:
Change Dir: /home/cotrik/svn/hexmesh_2/src/CMakeFiles/CMakeTmp

Run Build Command:"/usr/bin/make" "cmTryCompileExec3387147298/fast"
/usr/bin/make -f CMakeFiles/cmTryCompileExec3387147298.dir/build.make CMakeFiles/cmTryCompileExec3387147298.dir/build
make[1]: Entering directory `/home/cotrik/svn/hexmesh_2/src/CMakeFiles/CMakeTmp'
/usr/local/bin/cmake -E cmake_progress_report /home/cotrik/svn/hexmesh_2/src/CMakeFiles/CMakeTmp/CMakeFiles 1
Building C object CMakeFiles/cmTryCompileExec3387147298.dir/CheckFunctionExists.c.o
/usr/bin/cc   -DCHECK_FUNCTION_EXISTS=connect   -o CMakeFiles/cmTryCompileExec3387147298.dir/CheckFunctionExists.c.o   -c /usr/local/share/cmake-3.2/Modules/CheckFunctionExists.c
Linking C executable cmTryCompileExec3387147298
/usr/local/bin/cmake -E cmake_link_script CMakeFiles/cmTryCompileExec3387147298.dir/link.txt --verbose=1
/usr/bin/cc    -DCHECK_FUNCTION_EXISTS=connect    CMakeFiles/cmTryCompileExec3387147298.dir/CheckFunctionExists.c.o  -o cmTryCompileExec3387147298 -rdynamic 
make[1]: Leaving directory `/home/cotrik/svn/hexmesh_2/src/CMakeFiles/CMakeTmp'


Determining if the function remove exists passed with the following output:
Change Dir: /home/cotrik/svn/hexmesh_2/src/CMakeFiles/CMakeTmp

Run Build Command:"/usr/bin/make" "cmTryCompileExec1273080262/fast"
/usr/bin/make -f CMakeFiles/cmTryCompileExec1273080262.dir/build.make CMakeFiles/cmTryCompileExec1273080262.dir/build
make[1]: Entering directory `/home/cotrik/svn/hexmesh_2/src/CMakeFiles/CMakeTmp'
/usr/local/bin/cmake -E cmake_progress_report /home/cotrik/svn/hexmesh_2/src/CMakeFiles/CMakeTmp/CMakeFiles 1
Building C object CMakeFiles/cmTryCompileExec1273080262.dir/CheckFunctionExists.c.o
/usr/bin/cc   -DCHECK_FUNCTION_EXISTS=remove   -o CMakeFiles/cmTryCompileExec1273080262.dir/CheckFunctionExists.c.o   -c /usr/local/share/cmake-3.2/Modules/CheckFunctionExists.c
Linking C executable cmTryCompileExec1273080262
/usr/local/bin/cmake -E cmake_link_script CMakeFiles/cmTryCompileExec1273080262.dir/link.txt --verbose=1
/usr/bin/cc    -DCHECK_FUNCTION_EXISTS=remove    CMakeFiles/cmTryCompileExec1273080262.dir/CheckFunctionExists.c.o  -o cmTryCompileExec1273080262 -rdynamic 
make[1]: Leaving directory `/home/cotrik/svn/hexmesh_2/src/CMakeFiles/CMakeTmp'


Determining if the function shmat exists passed with the following output:
Change Dir: /home/cotrik/svn/hexmesh_2/src/CMakeFiles/CMakeTmp

Run Build Command:"/usr/bin/make" "cmTryCompileExec1018849492/fast"
/usr/bin/make -f CMakeFiles/cmTryCompileExec1018849492.dir/build.make CMakeFiles/cmTryCompileExec1018849492.dir/build
make[1]: Entering directory `/home/cotrik/svn/hexmesh_2/src/CMakeFiles/CMakeTmp'
/usr/local/bin/cmake -E cmake_progress_report /home/cotrik/svn/hexmesh_2/src/CMakeFiles/CMakeTmp/CMakeFiles 1
Building C object CMakeFiles/cmTryCompileExec1018849492.dir/CheckFunctionExists.c.o
/usr/bin/cc   -DCHECK_FUNCTION_EXISTS=shmat   -o CMakeFiles/cmTryCompileExec1018849492.dir/CheckFunctionExists.c.o   -c /usr/local/share/cmake-3.2/Modules/CheckFunctionExists.c
Linking C executable cmTryCompileExec1018849492
/usr/local/bin/cmake -E cmake_link_script CMakeFiles/cmTryCompileExec1018849492.dir/link.txt --verbose=1
/usr/bin/cc    -DCHECK_FUNCTION_EXISTS=shmat    CMakeFiles/cmTryCompileExec1018849492.dir/CheckFunctionExists.c.o  -o cmTryCompileExec1018849492 -rdynamic 
make[1]: Leaving directory `/home/cotrik/svn/hexmesh_2/src/CMakeFiles/CMakeTmp'


Determining if the function IceConnectionNumber exists in the ICE passed with the following output:
Change Dir: /home/cotrik/svn/hexmesh_2/src/CMakeFiles/CMakeTmp

Run Build Command:"/usr/bin/make" "cmTryCompileExec1998186679/fast"
/usr/bin/make -f CMakeFiles/cmTryCompileExec1998186679.dir/build.make CMakeFiles/cmTryCompileExec1998186679.dir/build
make[1]: Entering directory `/home/cotrik/svn/hexmesh_2/src/CMakeFiles/CMakeTmp'
/usr/local/bin/cmake -E cmake_progress_report /home/cotrik/svn/hexmesh_2/src/CMakeFiles/CMakeTmp/CMakeFiles 1
Building C object CMakeFiles/cmTryCompileExec1998186679.dir/CheckFunctionExists.c.o
/usr/bin/cc   -DCHECK_FUNCTION_EXISTS=IceConnectionNumber   -o CMakeFiles/cmTryCompileExec1998186679.dir/CheckFunctionExists.c.o   -c /usr/local/share/cmake-3.2/Modules/CheckFunctionExists.c
Linking C executable cmTryCompileExec1998186679
/usr/local/bin/cmake -E cmake_link_script CMakeFiles/cmTryCompileExec1998186679.dir/link.txt --verbose=1
/usr/bin/cc    -DCHECK_FUNCTION_EXISTS=IceConnectionNumber    CMakeFiles/cmTryCompileExec1998186679.dir/CheckFunctionExists.c.o  -o cmTryCompileExec1998186679 -rdynamic -lICE 
make[1]: Leaving directory `/home/cotrik/svn/hexmesh_2/src/CMakeFiles/CMakeTmp'


Determining if the function glXGetProcAddress exists passed with the following output:
Change Dir: /home/cotrik/svn/hexmesh_2/src/CMakeFiles/CMakeTmp

Run Build Command:"/usr/bin/make" "cmTryCompileExec1041342842/fast"
/usr/bin/make -f CMakeFiles/cmTryCompileExec1041342842.dir/build.make CMakeFiles/cmTryCompileExec1041342842.dir/build
make[1]: Entering directory `/home/cotrik/svn/hexmesh_2/src/CMakeFiles/CMakeTmp'
/usr/local/bin/cmake -E cmake_progress_report /home/cotrik/svn/hexmesh_2/src/CMakeFiles/CMakeTmp/CMakeFiles 1
Building C object CMakeFiles/cmTryCompileExec1041342842.dir/CheckFunctionExists.c.o
/usr/bin/cc   -DCHECK_FUNCTION_EXISTS=glXGetProcAddress   -o CMakeFiles/cmTryCompileExec1041342842.dir/CheckFunctionExists.c.o   -c /usr/local/share/cmake-3.2/Modules/CheckFunctionExists.c
Linking C executable cmTryCompileExec1041342842
/usr/local/bin/cmake -E cmake_link_script CMakeFiles/cmTryCompileExec1041342842.dir/link.txt --verbose=1
/usr/bin/cc    -DCHECK_FUNCTION_EXISTS=glXGetProcAddress    CMakeFiles/cmTryCompileExec1041342842.dir/CheckFunctionExists.c.o  -o cmTryCompileExec1041342842 -rdynamic -lGL 
make[1]: Leaving directory `/home/cotrik/svn/hexmesh_2/src/CMakeFiles/CMakeTmp'


Determining if the function glXGetProcAddressARB exists passed with the following output:
Change Dir: /home/cotrik/svn/hexmesh_2/src/CMakeFiles/CMakeTmp

Run Build Command:"/usr/bin/make" "cmTryCompileExec3526352613/fast"
/usr/bin/make -f CMakeFiles/cmTryCompileExec3526352613.dir/build.make CMakeFiles/cmTryCompileExec3526352613.dir/build
make[1]: Entering directory `/home/cotrik/svn/hexmesh_2/src/CMakeFiles/CMakeTmp'
/usr/local/bin/cmake -E cmake_progress_report /home/cotrik/svn/hexmesh_2/src/CMakeFiles/CMakeTmp/CMakeFiles 1
Building C object CMakeFiles/cmTryCompileExec3526352613.dir/CheckFunctionExists.c.o
/usr/bin/cc   -DCHECK_FUNCTION_EXISTS=glXGetProcAddressARB   -o CMakeFiles/cmTryCompileExec3526352613.dir/CheckFunctionExists.c.o   -c /usr/local/share/cmake-3.2/Modules/CheckFunctionExists.c
Linking C executable cmTryCompileExec3526352613
/usr/local/bin/cmake -E cmake_link_script CMakeFiles/cmTryCompileExec3526352613.dir/link.txt --verbose=1
/usr/bin/cc    -DCHECK_FUNCTION_EXISTS=glXGetProcAddressARB    CMakeFiles/cmTryCompileExec3526352613.dir/CheckFunctionExists.c.o  -o cmTryCompileExec3526352613 -rdynamic -lGL 
make[1]: Leaving directory `/home/cotrik/svn/hexmesh_2/src/CMakeFiles/CMakeTmp'


Determining if the include file sys/types.h exists passed with the following output:
Change Dir: /home/cotrik/svn/hexmesh_2/src/CMakeFiles/CMakeTmp

Run Build Command:"/usr/bin/make" "cmTryCompileExec3334256796/fast"
/usr/bin/make -f CMakeFiles/cmTryCompileExec3334256796.dir/build.make CMakeFiles/cmTryCompileExec3334256796.dir/build
make[1]: Entering directory `/home/cotrik/svn/hexmesh_2/src/CMakeFiles/CMakeTmp'
/usr/local/bin/cmake -E cmake_progress_report /home/cotrik/svn/hexmesh_2/src/CMakeFiles/CMakeTmp/CMakeFiles 1
Building C object CMakeFiles/cmTryCompileExec3334256796.dir/CheckIncludeFile.c.o
/usr/bin/cc    -o CMakeFiles/cmTryCompileExec3334256796.dir/CheckIncludeFile.c.o   -c /home/cotrik/svn/hexmesh_2/src/CMakeFiles/CMakeTmp/CheckIncludeFile.c
Linking C executable cmTryCompileExec3334256796
/usr/local/bin/cmake -E cmake_link_script CMakeFiles/cmTryCompileExec3334256796.dir/link.txt --verbose=1
/usr/bin/cc        CMakeFiles/cmTryCompileExec3334256796.dir/CheckIncludeFile.c.o  -o cmTryCompileExec3334256796 -rdynamic 
make[1]: Leaving directory `/home/cotrik/svn/hexmesh_2/src/CMakeFiles/CMakeTmp'


Determining if the include file stdint.h exists passed with the following output:
Change Dir: /home/cotrik/svn/hexmesh_2/src/CMakeFiles/CMakeTmp

Run Build Command:"/usr/bin/make" "cmTryCompileExec1087438332/fast"
/usr/bin/make -f CMakeFiles/cmTryCompileExec1087438332.dir/build.make CMakeFiles/cmTryCompileExec1087438332.dir/build
make[1]: Entering directory `/home/cotrik/svn/hexmesh_2/src/CMakeFiles/CMakeTmp'
/usr/local/bin/cmake -E cmake_progress_report /home/cotrik/svn/hexmesh_2/src/CMakeFiles/CMakeTmp/CMakeFiles 1
Building C object CMakeFiles/cmTryCompileExec1087438332.dir/CheckIncludeFile.c.o
/usr/bin/cc    -o CMakeFiles/cmTryCompileExec1087438332.dir/CheckIncludeFile.c.o   -c /home/cotrik/svn/hexmesh_2/src/CMakeFiles/CMakeTmp/CheckIncludeFile.c
Linking C executable cmTryCompileExec1087438332
/usr/local/bin/cmake -E cmake_link_script CMakeFiles/cmTryCompileExec1087438332.dir/link.txt --verbose=1
/usr/bin/cc        CMakeFiles/cmTryCompileExec1087438332.dir/CheckIncludeFile.c.o  -o cmTryCompileExec1087438332 -rdynamic 
make[1]: Leaving directory `/home/cotrik/svn/hexmesh_2/src/CMakeFiles/CMakeTmp'


Determining if the include file stddef.h exists passed with the following output:
Change Dir: /home/cotrik/svn/hexmesh_2/src/CMakeFiles/CMakeTmp

Run Build Command:"/usr/bin/make" "cmTryCompileExec2230965292/fast"
/usr/bin/make -f CMakeFiles/cmTryCompileExec2230965292.dir/build.make CMakeFiles/cmTryCompileExec2230965292.dir/build
make[1]: Entering directory `/home/cotrik/svn/hexmesh_2/src/CMakeFiles/CMakeTmp'
/usr/local/bin/cmake -E cmake_progress_report /home/cotrik/svn/hexmesh_2/src/CMakeFiles/CMakeTmp/CMakeFiles 1
Building C object CMakeFiles/cmTryCompileExec2230965292.dir/CheckIncludeFile.c.o
/usr/bin/cc    -o CMakeFiles/cmTryCompileExec2230965292.dir/CheckIncludeFile.c.o   -c /home/cotrik/svn/hexmesh_2/src/CMakeFiles/CMakeTmp/CheckIncludeFile.c
Linking C executable cmTryCompileExec2230965292
/usr/local/bin/cmake -E cmake_link_script CMakeFiles/cmTryCompileExec2230965292.dir/link.txt --verbose=1
/usr/bin/cc        CMakeFiles/cmTryCompileExec2230965292.dir/CheckIncludeFile.c.o  -o cmTryCompileExec2230965292 -rdynamic 
make[1]: Leaving directory `/home/cotrik/svn/hexmesh_2/src/CMakeFiles/CMakeTmp'


Determining size of off64_t passed with the following output:
Change Dir: /home/cotrik/svn/hexmesh_2/src/CMakeFiles/CMakeTmp

Run Build Command:"/usr/bin/make" "cmTryCompileExec2712234951/fast"
/usr/bin/make -f CMakeFiles/cmTryCompileExec2712234951.dir/build.make CMakeFiles/cmTryCompileExec2712234951.dir/build
make[1]: Entering directory `/home/cotrik/svn/hexmesh_2/src/CMakeFiles/CMakeTmp'
/usr/local/bin/cmake -E cmake_progress_report /home/cotrik/svn/hexmesh_2/src/CMakeFiles/CMakeTmp/CMakeFiles 1
Building C object CMakeFiles/cmTryCompileExec2712234951.dir/OFF64_T.c.o
/usr/bin/cc  -DHAVE_STDDEF_H -DHAVE_STDINT_H -DHAVE_SYS_TYPES_H -D_LARGEFILE64_SOURCE=1  -o CMakeFiles/cmTryCompileExec2712234951.dir/OFF64_T.c.o   -c /home/cotrik/svn/hexmesh_2/src/CMakeFiles/CheckTypeSize/OFF64_T.c
Linking C executable cmTryCompileExec2712234951
/usr/local/bin/cmake -E cmake_link_script CMakeFiles/cmTryCompileExec2712234951.dir/link.txt --verbose=1
/usr/bin/cc        CMakeFiles/cmTryCompileExec2712234951.dir/OFF64_T.c.o  -o cmTryCompileExec2712234951 -rdynamic 
make[1]: Leaving directory `/home/cotrik/svn/hexmesh_2/src/CMakeFiles/CMakeTmp'


Determining if the function fseeko exists passed with the following output:
Change Dir: /home/cotrik/svn/hexmesh_2/src/CMakeFiles/CMakeTmp

Run Build Command:"/usr/bin/make" "cmTryCompileExec2916882884/fast"
/usr/bin/make -f CMakeFiles/cmTryCompileExec2916882884.dir/build.make CMakeFiles/cmTryCompileExec2916882884.dir/build
make[1]: Entering directory `/home/cotrik/svn/hexmesh_2/src/CMakeFiles/CMakeTmp'
/usr/local/bin/cmake -E cmake_progress_report /home/cotrik/svn/hexmesh_2/src/CMakeFiles/CMakeTmp/CMakeFiles 1
Building C object CMakeFiles/cmTryCompileExec2916882884.dir/CheckFunctionExists.c.o
/usr/bin/cc   -DCHECK_FUNCTION_EXISTS=fseeko   -o CMakeFiles/cmTryCompileExec2916882884.dir/CheckFunctionExists.c.o   -c /usr/local/share/cmake-3.2/Modules/CheckFunctionExists.c
Linking C executable cmTryCompileExec2916882884
/usr/local/bin/cmake -E cmake_link_script CMakeFiles/cmTryCompileExec2916882884.dir/link.txt --verbose=1
/usr/bin/cc    -DCHECK_FUNCTION_EXISTS=fseeko    CMakeFiles/cmTryCompileExec2916882884.dir/CheckFunctionExists.c.o  -o cmTryCompileExec2916882884 -rdynamic 
make[1]: Leaving directory `/home/cotrik/svn/hexmesh_2/src/CMakeFiles/CMakeTmp'


Determining if the include file unistd.h exists passed with the following output:
Change Dir: /home/cotrik/svn/hexmesh_2/src/CMakeFiles/CMakeTmp

Run Build Command:"/usr/bin/make" "cmTryCompileExec962522665/fast"
/usr/bin/make -f CMakeFiles/cmTryCompileExec962522665.dir/build.make CMakeFiles/cmTryCompileExec962522665.dir/build
make[1]: Entering directory `/home/cotrik/svn/hexmesh_2/src/CMakeFiles/CMakeTmp'
/usr/local/bin/cmake -E cmake_progress_report /home/cotrik/svn/hexmesh_2/src/CMakeFiles/CMakeTmp/CMakeFiles 1
Building C object CMakeFiles/cmTryCompileExec962522665.dir/CheckIncludeFile.c.o
/usr/bin/cc    -o CMakeFiles/cmTryCompileExec962522665.dir/CheckIncludeFile.c.o   -c /home/cotrik/svn/hexmesh_2/src/CMakeFiles/CMakeTmp/CheckIncludeFile.c
Linking C executable cmTryCompileExec962522665
/usr/local/bin/cmake -E cmake_link_script CMakeFiles/cmTryCompileExec962522665.dir/link.txt --verbose=1
/usr/bin/cc        CMakeFiles/cmTryCompileExec962522665.dir/CheckIncludeFile.c.o  -o cmTryCompileExec962522665 -rdynamic 
make[1]: Leaving directory `/home/cotrik/svn/hexmesh_2/src/CMakeFiles/CMakeTmp'


